0 info it worked if it ends with ok
1 verbose cli [ '/Users/scienceonlineed/.nvm/versions/node/v6.9.5/bin/node',
1 verbose cli   '/Users/scienceonlineed/.nvm/versions/node/v6.9.5/bin/npm',
1 verbose cli   'run',
1 verbose cli   'deploy' ]
2 info using npm@3.10.10
3 info using node@v6.9.5
4 verbose run-script [ 'predeploy', 'deploy', 'postdeploy' ]
5 info lifecycle iwomv3@1.0.0~predeploy: iwomv3@1.0.0
6 silly lifecycle iwomv3@1.0.0~predeploy: no script for predeploy, continuing
7 info lifecycle iwomv3@1.0.0~deploy: iwomv3@1.0.0
8 verbose lifecycle iwomv3@1.0.0~deploy: unsafe-perm in lifecycle true
9 verbose lifecycle iwomv3@1.0.0~deploy: PATH: /Users/scienceonlineed/.nvm/versions/node/v6.9.5/lib/node_modules/npm/bin/node-gyp-bin:/Users/scienceonlineed/polymer/iwomv3/node_modules/.bin:/Users/scienceonlineed/.nvm/versions/node/v6.9.5/bin:/Applications/DevDesktop/php5_5/bin:/Applications/DevDesktop/mysql/bin:/Applications/DevDesktop/tools:/Applications/DevDesktop/php5_6/bin:/Applications/DevDesktop/mysql/bin:/Applications/DevDesktop/tools:/Users/scienceonlineed/.rvm/gems/ruby-2.1.1/bin:/Users/scienceonlineed/.rvm/gems/ruby-2.1.1@global/bin:/Users/scienceonlineed/.rvm/rubies/ruby-2.1.1/bin:/Users/scienceonlineed/drush:/Users/scienceonlineed/bin:/usr/local/bin:/usr/local/bin:/usr/bin:/bin:/usr/sbin:/sbin:/opt/X11/bin:/usr/local/git/bin:/usr/local/go/bin:/Users/scienceonlineed/.rvm/bin:/Applications/MAMP/Library/bin:/Applications/MAMP/bin/php/php5.5.26/bin/php:/Applications/DevDesktop/tools
10 verbose lifecycle iwomv3@1.0.0~deploy: CWD: /Users/scienceonlineed/polymer/iwomv3
11 silly lifecycle iwomv3@1.0.0~deploy: Args: [ '-c',
11 silly lifecycle   'polymer build --strip && surge -p ./build/bundled -d iwomv3.surge.sh' ]
12 silly lifecycle iwomv3@1.0.0~deploy: Returned: code: 1  signal: null
13 info lifecycle iwomv3@1.0.0~deploy: Failed to exec deploy script
14 verbose stack Error: iwomv3@1.0.0 deploy: `polymer build --strip && surge -p ./build/bundled -d iwomv3.surge.sh`
14 verbose stack Exit status 1
14 verbose stack     at EventEmitter.<anonymous> (/Users/scienceonlineed/.nvm/versions/node/v6.9.5/lib/node_modules/npm/lib/utils/lifecycle.js:255:16)
14 verbose stack     at emitTwo (events.js:106:13)
14 verbose stack     at EventEmitter.emit (events.js:191:7)
14 verbose stack     at ChildProcess.<anonymous> (/Users/scienceonlineed/.nvm/versions/node/v6.9.5/lib/node_modules/npm/lib/utils/spawn.js:40:14)
14 verbose stack     at emitTwo (events.js:106:13)
14 verbose stack     at ChildProcess.emit (events.js:191:7)
14 verbose stack     at maybeClose (internal/child_process.js:877:16)
14 verbose stack     at Process.ChildProcess._handle.onexit (internal/child_process.js:226:5)
15 verbose pkgid iwomv3@1.0.0
16 verbose cwd /Users/scienceonlineed/polymer/iwomv3
17 error Darwin 14.5.0
18 error argv "/Users/scienceonlineed/.nvm/versions/node/v6.9.5/bin/node" "/Users/scienceonlineed/.nvm/versions/node/v6.9.5/bin/npm" "run" "deploy"
19 error node v6.9.5
20 error npm  v3.10.10
21 error code ELIFECYCLE
22 error iwomv3@1.0.0 deploy: `polymer build --strip && surge -p ./build/bundled -d iwomv3.surge.sh`
22 error Exit status 1
23 error Failed at the iwomv3@1.0.0 deploy script 'polymer build --strip && surge -p ./build/bundled -d iwomv3.surge.sh'.
23 error Make sure you have the latest version of node.js and npm installed.
23 error If you do, this is most likely a problem with the iwomv3 package,
23 error not with npm itself.
23 error Tell the author that this fails on your system:
23 error     polymer build --strip && surge -p ./build/bundled -d iwomv3.surge.sh
23 error You can get information on how to open an issue for this project with:
23 error     npm bugs iwomv3
23 error Or if that isn't available, you can get their info via:
23 error     npm owner ls iwomv3
23 error There is likely additional logging output above.
24 verbose exit [ 1, true ]
